<?xml version="1.0" encoding="UTF-8"?>
<TestRun id="ff199f71-de1f-477e-b6f4-bb5e5eaf89d3" name="AHMEDK@DWNPC002 2012-08-27 09:39:07" runUser="DIALOGGROUP\AHMEDK" xmlns="http://microsoft.com/schemas/VisualStudio/TeamTest/2010">
  <TestSettings name="Default Test Settings" id="39af5532-3953-44d8-bfa5-c828241515ef">
    <Deployment runDeploymentRoot="AHMEDK_DWNPC002 2012-08-27 09_39_07">
      <DeploymentItem filename="C:\plst-MVC2\1.Introduction\MvcDemo\MvcDemo\bin\MvcDemo.dll" />
    </Deployment>
    <Execution>
      <TestTypeSpecific />
      <AgentRule name="Execution Agents">
      </AgentRule>
    </Execution>
  </TestSettings>
  <Times creation="2012-08-27T09:39:07.1370300+09:30" queuing="2012-08-27T09:39:08.4591622+09:30" start="2012-08-27T09:39:08.5901753+09:30" finish="2012-08-27T09:41:29.5572706+09:30" />
  <ResultSummary outcome="Error">
    <Counters total="1" executed="1" error="0" failed="0" timeout="0" aborted="1" inconclusive="0" passedButRunAborted="0" notRunnable="0" notExecuted="0" disconnected="0" warning="0" passed="0" completed="0" inProgress="0" pending="0" />
    <RunInfos>
      <RunInfo computerName="DWNPC002" outcome="Error" timestamp="2012-08-27T09:41:29.5482697+09:30">
        <Text>Test host process exited unexpectedly.</Text>
      </RunInfo>
    </RunInfos>
  </ResultSummary>
  <TestDefinitions>
    <UnitTest name="Index" storage="c:\plst-mvc2\1.introduction\mvcdemo\mvcdemo.tests\bin\debug\mvcdemo.tests.dll" id="44e7241d-5244-7605-83f8-5bbd391887f8">
      <Execution id="b02ce879-10bb-4ae0-982a-3fca153c6b27" />
      <TestMethod codeBase="C:/plst-MVC2/1.Introduction/MvcDemo/MvcDemo.Tests/bin/Debug/MvcDemo.Tests.DLL" adapterTypeName="Microsoft.VisualStudio.TestTools.TestTypes.Unit.UnitTestAdapter, Microsoft.VisualStudio.QualityTools.Tips.UnitTest.Adapter, Version=10.0.0.0, Culture=neutral, PublicKeyToken=b03f5f7f11d50a3a" className="MvcDemo.Tests.Controllers.HomeControllerTest, MvcDemo.Tests, Version=1.0.0.0, Culture=neutral, PublicKeyToken=null" name="Index" />
    </UnitTest>
  </TestDefinitions>
  <TestLists>
    <TestList name="Results Not in a List" id="8c84fa94-04c1-424b-9868-57a2d4851a1d" />
    <TestList name="All Loaded Results" id="19431567-8539-422a-85d7-44ee4e166bda" />
  </TestLists>
  <TestEntries>
    <TestEntry testId="44e7241d-5244-7605-83f8-5bbd391887f8" executionId="b02ce879-10bb-4ae0-982a-3fca153c6b27" testListId="8c84fa94-04c1-424b-9868-57a2d4851a1d" />
  </TestEntries>
  <Results>
    <UnitTestResult executionId="b02ce879-10bb-4ae0-982a-3fca153c6b27" testId="44e7241d-5244-7605-83f8-5bbd391887f8" testName="Index" computerName="DWNPC002" duration="00:02:20.8410827" startTime="2012-08-27T09:39:08.7161879+09:30" endTime="2012-08-27T09:41:29.5572706+09:30" testType="13cdc9d9-ddb5-4fa4-a97d-d965ccfc6d4b" outcome="Aborted" testListId="8c84fa94-04c1-424b-9868-57a2d4851a1d" relativeResultsDirectory="b02ce879-10bb-4ae0-982a-3fca153c6b27">
    </UnitTestResult>
  </Results>
</TestRun>