<?xml version="1.0" encoding="UTF-8"?>
<TestRun id="7af746e6-34ba-4f0d-ab58-fd160e3b3543" name="AHMEDK@DWNPC002 2012-08-27 09:30:41" runUser="DIALOGGROUP\AHMEDK" xmlns="http://microsoft.com/schemas/VisualStudio/TeamTest/2010">
  <TestSettings name="Default Test Settings" id="bedcfbd5-036e-4ebc-a292-2542ac391571">
    <Deployment runDeploymentRoot="AHMEDK_DWNPC002 2012-08-27 09_30_41">
      <DeploymentItem filename="C:\plst-MVC2\1.Introduction\MvcDemo\MvcDemo\bin\MvcDemo.dll" />
    </Deployment>
    <Execution>
      <TestTypeSpecific />
      <AgentRule name="Execution Agents">
      </AgentRule>
    </Execution>
  </TestSettings>
  <Times creation="2012-08-27T09:30:41.8635077+09:30" queuing="2012-08-27T09:30:41.9745188+09:30" start="2012-08-27T09:30:41.9875201+09:30" finish="2012-08-27T09:30:42.2095423+09:30" />
  <ResultSummary outcome="Completed">
    <Counters total="1" executed="1" passed="1" error="0" failed="0" timeout="0" aborted="0" inconclusive="0" passedButRunAborted="0" notRunnable="0" notExecuted="0" disconnected="0" warning="0" completed="0" inProgress="0" pending="0" />
  </ResultSummary>
  <TestDefinitions>
    <UnitTest name="About" storage="c:\plst-mvc2\1.introduction\mvcdemo\mvcdemo.tests\bin\debug\mvcdemo.tests.dll" id="ed9b7abb-eb80-3aac-7ea3-760aa1f3ba1e">
      <Execution id="2469028d-3cf5-4780-ae40-fe1eac78a643" />
      <TestMethod codeBase="C:/plst-MVC2/1.Introduction/MvcDemo/MvcDemo.Tests/bin/Debug/MvcDemo.Tests.DLL" adapterTypeName="Microsoft.VisualStudio.TestTools.TestTypes.Unit.UnitTestAdapter, Microsoft.VisualStudio.QualityTools.Tips.UnitTest.Adapter, Version=10.0.0.0, Culture=neutral, PublicKeyToken=b03f5f7f11d50a3a" className="MvcDemo.Tests.Controllers.HomeControllerTest, MvcDemo.Tests, Version=1.0.0.0, Culture=neutral, PublicKeyToken=null" name="About" />
    </UnitTest>
  </TestDefinitions>
  <TestLists>
    <TestList name="Results Not in a List" id="8c84fa94-04c1-424b-9868-57a2d4851a1d" />
    <TestList name="All Loaded Results" id="19431567-8539-422a-85d7-44ee4e166bda" />
  </TestLists>
  <TestEntries>
    <TestEntry testId="ed9b7abb-eb80-3aac-7ea3-760aa1f3ba1e" executionId="2469028d-3cf5-4780-ae40-fe1eac78a643" testListId="8c84fa94-04c1-424b-9868-57a2d4851a1d" />
  </TestEntries>
  <Results>
    <UnitTestResult executionId="2469028d-3cf5-4780-ae40-fe1eac78a643" testId="ed9b7abb-eb80-3aac-7ea3-760aa1f3ba1e" testName="About" computerName="DWNPC002" duration="00:00:00.0114605" startTime="2012-08-27T09:30:42.0025216+09:30" endTime="2012-08-27T09:30:42.1985412+09:30" testType="13cdc9d9-ddb5-4fa4-a97d-d965ccfc6d4b" outcome="Passed" testListId="8c84fa94-04c1-424b-9868-57a2d4851a1d" relativeResultsDirectory="2469028d-3cf5-4780-ae40-fe1eac78a643">
    </UnitTestResult>
  </Results>
</TestRun>